<?xml version="1.0" encoding="UTF-8"?>
<testsuite name="com.techwombat.liberates.ChapterSegmenterTest" tests="3" skipped="0" failures="0" errors="0" timestamp="2026-07-26T03:26:28.965Z" hostname="wombat-server" time="0.019">
  <properties/>
  <testcase name="testChapterHeadingPatterns" classname="com.techwombat.liberates.ChapterSegmenterTest" time="0.017"/>
  <testcase name="testSegmentingMultiChapterText" classname="com.techwombat.liberates.ChapterSegmenterTest" time="0.001"/>
  <testcase name="testFallbackSingleChapterWhenNoHeadingsExist" classname="com.techwombat.liberates.ChapterSegmenterTest" time="0.001"/>
  <system-out><![CDATA[]]></system-out>
  <system-err><![CDATA[]]></system-err>
</testsuite>
