<?xml version="1.0" encoding="UTF-8"?>
<testsuite name="com.techwombat.liberates.TextCleanerTest" tests="4" skipped="0" failures="0" errors="0" timestamp="2026-07-26T02:19:28.547Z" hostname="wombat-server" time="0.02">
  <properties/>
  <testcase name="testSentenceBoundaryStitchingAcrossPages" classname="com.techwombat.liberates.TextCleanerTest" time="0.019"/>
  <testcase name="testHyphenatedWordStitchingAcrossPages" classname="com.techwombat.liberates.TextCleanerTest" time="0.0"/>
  <testcase name="testCleanPageLinesStripsNoise" classname="com.techwombat.liberates.TextCleanerTest" time="0.001"/>
  <testcase name="testHeaderFooterDetection" classname="com.techwombat.liberates.TextCleanerTest" time="0.0"/>
  <system-out><![CDATA[]]></system-out>
  <system-err><![CDATA[]]></system-err>
</testsuite>
